[debug] [2024-05-30T11:02:14.323Z] ----------------------------------------------------------------------
[debug] [2024-05-30T11:02:14.325Z] Command:       C:\Program Files\nodejs\node.exe C:\Users\imesh\AppData\Roaming\npm\node_modules\firebase-tools\lib\bin\firebase.js init
[debug] [2024-05-30T11:02:14.325Z] CLI Version:   13.10.2
[debug] [2024-05-30T11:02:14.326Z] Platform:      win32
[debug] [2024-05-30T11:02:14.326Z] Node Version:  v20.12.2
[debug] [2024-05-30T11:02:14.326Z] Time:          Thu May 30 2024 16:32:14 GMT+0530 (India Standard Time)
[debug] [2024-05-30T11:02:14.326Z] ----------------------------------------------------------------------
[debug] 
[debug] [2024-05-30T11:02:14.331Z] > command requires scopes: ["email","openid","https://www.googleapis.com/auth/cloudplatformprojects.readonly","https://www.googleapis.com/auth/firebase","https://www.googleapis.com/auth/cloud-platform"]
[debug] [2024-05-30T11:02:14.332Z] > authorizing via signed-in user (imeshnirmal1u@gmail.com)
[info] 
     ######## #### ########  ######## ########     ###     ######  ########
     ##        ##  ##     ## ##       ##     ##  ##   ##  ##       ##
     ######    ##  ########  ######   ########  #########  ######  ######
     ##        ##  ##    ##  ##       ##     ## ##     ##       ## ##
     ##       #### ##     ## ######## ########  ##     ##  ######  ########

You're about to initialize a Firebase project in this directory:

  E:\lms-demo

[info] 
=== Project Setup
[info] 
[info] First, let's associate this project directory with a Firebase project.
[info] You can create multiple project aliases by running firebase use --add, 
[info] but for now we'll just set up a default project.
[info] 
